<?xml version="1.0" encoding="UTF-8"?>
<!-- Generated by org.testng.reporters.JUnitXMLReporter -->
<testsuite ignored="0" hostname="IND-CHN-LT12488" failures="1" tests="1" name="Test" time="32.731" errors="0" timestamp="2025-01-31T15:08:01 IST">
  <testcase classname="TestCase.TC004_AddCart" name="AddCartItem" time="25.61">
    <failure type="java.lang.AssertionError" message="null">
      <![CDATA[java.lang.AssertionError: null
at TestCase.TC004_AddCart.AddCartItem(TC004_AddCart.java:86)
at java.base/java.util.ArrayList.forEach(ArrayList.java:1597)
... Removed 27 stack frames]]>
    </failure>
  </testcase> <!-- AddCartItem -->
</testsuite> <!-- Test -->
