<?xml version="1.0" encoding="UTF-8"?>
<!-- Generated by org.testng.reporters.JUnitXMLReporter -->
<testsuite ignored="0" hostname="IND-CHN-LT12488" failures="1" tests="1" name="Test" time="41.84" errors="0" timestamp="2025-01-30T11:47:01 IST">
  <testcase classname="TestCase.TC004_AddCart" name="AddCartItem" time="29.643">
    <failure type="java.lang.AssertionError" message="expected [true] but found [false]">
      <![CDATA[java.lang.AssertionError: expected [true] but found [false]
at TestCase.TC004_AddCart.AddCartItem(TC004_AddCart.java:80)
at java.base/java.util.ArrayList.forEach(ArrayList.java:1597)
... Removed 29 stack frames]]>
    </failure>
  </testcase> <!-- AddCartItem -->
</testsuite> <!-- Test -->
